2026-06-14 22:28:25.404: [INFO][Sync] Reset engine, reason: 8
2026-06-14 22:28:25.404: [INFO][Sync] Stopped: Bookmarks
2026-06-14 22:28:25.404: [INFO][Sync] Stopped: Preferences
2026-06-14 22:28:25.404: [INFO][Sync] Stopped: Passwords
2026-06-14 22:28:25.404: [INFO][Sync] Stopped: Autofill Profiles
2026-06-14 22:28:25.404: [INFO][Sync] Stopped: Autofill
2026-06-14 22:28:25.404: [INFO][Sync] Stopped: Extensions
2026-06-14 22:28:25.404: [INFO][Sync] Stopped: Sessions
2026-06-14 22:28:25.404: [INFO][Sync] Stopped: Extension settings
2026-06-14 22:28:25.404: [INFO][Sync] Stopped: History Delete Directives
2026-06-14 22:28:25.404: [INFO][Sync] Stopped: Device Info
2026-06-14 22:28:25.404: [INFO][Sync] Stopped: User Consents
2026-06-14 22:28:25.404: [INFO][Sync] Stopped: Send Tab To Self
2026-06-14 22:28:25.404: [INFO][Sync] Stopped: Web Apps
2026-06-14 22:28:25.404: [INFO][Sync] Stopped: History
2026-06-14 22:28:25.404: [INFO][Sync] Stopped: Saved Tab Group
2026-06-14 22:28:25.399: [INFO][Sync] Stopped: WebAuthn Credentials
2026-06-14 22:28:25.404: [INFO][Sync] Stopped: Edge E Drop
2026-06-14 22:28:25.404: [INFO][Sync] Stopped: Edge Hub App Usage
2026-06-14 22:28:25.404: [INFO][Sync] Stopped: Edge Journey
2026-06-14 22:28:25.404: [INFO][Sync] Stopped: Edge Wallet
2026-06-14 22:28:25.404: [INFO][Sync] Stopped: Edge Workspace
2026-06-14 22:28:25.404: [INFO][Sync] SyncState after authenticated was: NotSignedIn
2026-06-14 22:28:25.589: [INFO][Sync] Reset engine, reason: 8
2026-06-14 22:28:25.589: [INFO][Sync] Stopped: Bookmarks
2026-06-14 22:28:25.589: [INFO][Sync] Stopped: Preferences
2026-06-14 22:28:25.589: [INFO][Sync] Stopped: Passwords
2026-06-14 22:28:25.589: [INFO][Sync] Stopped: Autofill Profiles
2026-06-14 22:28:25.589: [INFO][Sync] Stopped: Autofill
2026-06-14 22:28:25.589: [INFO][Sync] Stopped: Extensions
2026-06-14 22:28:25.589: [INFO][Sync] Stopped: Sessions
2026-06-14 22:28:25.589: [INFO][Sync] Stopped: Extension settings
2026-06-14 22:28:25.589: [INFO][Sync] Stopped: History Delete Directives
2026-06-14 22:28:25.589: [INFO][Sync] Stopped: Device Info
2026-06-14 22:28:25.589: [INFO][Sync] Stopped: User Consents
2026-06-14 22:28:25.589: [INFO][Sync] Stopped: Send Tab To Self
2026-06-14 22:28:25.589: [INFO][Sync] Stopped: Web Apps
2026-06-14 22:28:25.589: [INFO][Sync] Stopped: History
2026-06-14 22:28:25.589: [INFO][Sync] Stopped: Saved Tab Group
2026-06-14 22:28:25.589: [INFO][Sync] Stopped: WebAuthn Credentials
2026-06-14 22:28:25.589: [INFO][Sync] Stopped: Edge E Drop
2026-06-14 22:28:25.589: [INFO][Sync] Stopped: Edge Hub App Usage
2026-06-14 22:28:25.589: [INFO][Sync] Stopped: Edge Journey
2026-06-14 22:28:25.589: [INFO][Sync] Stopped: Edge Wallet
2026-06-14 22:28:25.589: [INFO][Sync] Stopped: Edge Workspace
2026-06-15 00:04:41.930: [INFO][Sync] Reset engine, reason: 0
2026-06-15 15:33:22.955: [INFO][Sync] Reset engine, reason: 8
2026-06-15 15:33:22.955: [INFO][Sync] Stopped: Bookmarks
2026-06-15 15:33:22.955: [INFO][Sync] Stopped: Preferences
2026-06-15 15:33:22.955: [INFO][Sync] Stopped: Passwords
2026-06-15 15:33:22.955: [INFO][Sync] Stopped: Autofill Profiles
2026-06-15 15:33:22.955: [INFO][Sync] Stopped: Autofill
2026-06-15 15:33:22.955: [INFO][Sync] Stopped: Extensions
2026-06-15 15:33:22.955: [INFO][Sync] Stopped: Sessions
2026-06-15 15:33:22.955: [INFO][Sync] Stopped: Extension settings
2026-06-15 15:33:22.955: [INFO][Sync] Stopped: History Delete Directives
2026-06-15 15:33:22.955: [INFO][Sync] Stopped: Device Info
2026-06-15 15:33:22.955: [INFO][Sync] Stopped: User Consents
2026-06-15 15:33:22.955: [INFO][Sync] Stopped: Send Tab To Self
2026-06-15 15:33:22.955: [INFO][Sync] Stopped: Web Apps
2026-06-15 15:33:22.955: [INFO][Sync] Stopped: History
2026-06-15 15:33:22.955: [INFO][Sync] Stopped: Saved Tab Group
2026-06-15 15:33:22.955: [INFO][Sync] Stopped: WebAuthn Credentials
2026-06-15 15:33:22.955: [INFO][Sync] Stopped: Edge E Drop
2026-06-15 15:33:22.955: [INFO][Sync] Stopped: Edge Hub App Usage
2026-06-15 15:33:22.955: [INFO][Sync] Stopped: Edge Journey
2026-06-15 15:33:22.955: [INFO][Sync] Stopped: Edge Wallet
2026-06-15 15:33:22.955: [INFO][Sync] Stopped: Edge Workspace
2026-06-15 15:33:22.955: [INFO][Sync] SyncState after authenticated was: NotSignedIn
2026-06-15 15:33:23.119: [INFO][Sync] Reset engine, reason: 8
2026-06-15 15:33:23.119: [INFO][Sync] Stopped: Bookmarks
2026-06-15 15:33:23.119: [INFO][Sync] Stopped: Preferences
2026-06-15 15:33:23.119: [INFO][Sync] Stopped: Passwords
2026-06-15 15:33:23.119: [INFO][Sync] Stopped: Autofill Profiles
2026-06-15 15:33:23.119: [INFO][Sync] Stopped: Autofill
2026-06-15 15:33:23.119: [INFO][Sync] Stopped: Extensions
2026-06-15 15:33:23.119: [INFO][Sync] Stopped: Sessions
2026-06-15 15:33:23.120: [INFO][Sync] Stopped: Extension settings
2026-06-15 15:33:23.120: [INFO][Sync] Stopped: History Delete Directives
2026-06-15 15:33:23.120: [INFO][Sync] Stopped: Device Info
2026-06-15 15:33:23.120: [INFO][Sync] Stopped: User Consents
2026-06-15 15:33:23.120: [INFO][Sync] Stopped: Send Tab To Self
2026-06-15 15:33:23.120: [INFO][Sync] Stopped: Web Apps
2026-06-15 15:33:23.120: [INFO][Sync] Stopped: History
2026-06-15 15:33:23.120: [INFO][Sync] Stopped: Saved Tab Group
2026-06-15 15:33:23.120: [INFO][Sync] Stopped: WebAuthn Credentials
2026-06-15 15:33:23.120: [INFO][Sync] Stopped: Edge E Drop
2026-06-15 15:33:23.120: [INFO][Sync] Stopped: Edge Hub App Usage
2026-06-15 15:33:23.120: [INFO][Sync] Stopped: Edge Journey
2026-06-15 15:33:23.120: [INFO][Sync] Stopped: Edge Wallet
2026-06-15 15:33:23.120: [INFO][Sync] Stopped: Edge Workspace
2026-06-15 17:45:47.593: [INFO][Sync] Reset engine, reason: 0
2026-06-15 17:47:01.297: [INFO][Sync] Reset engine, reason: 8
2026-06-15 17:47:01.298: [INFO][Sync] Stopped: Bookmarks
2026-06-15 17:47:01.298: [INFO][Sync] Stopped: Preferences
2026-06-15 17:47:01.298: [INFO][Sync] Stopped: Passwords
2026-06-15 17:47:01.298: [INFO][Sync] Stopped: Autofill Profiles
2026-06-15 17:47:01.298: [INFO][Sync] Stopped: Autofill
2026-06-15 17:47:01.298: [INFO][Sync] Stopped: Extensions
2026-06-15 17:47:01.298: [INFO][Sync] Stopped: Sessions
2026-06-15 17:47:01.298: [INFO][Sync] Stopped: Extension settings
2026-06-15 17:47:01.298: [INFO][Sync] Stopped: History Delete Directives
2026-06-15 17:47:01.298: [INFO][Sync] Stopped: Device Info
2026-06-15 17:47:01.298: [INFO][Sync] Stopped: User Consents
2026-06-15 17:47:01.298: [INFO][Sync] Stopped: Send Tab To Self
2026-06-15 17:47:01.298: [INFO][Sync] Stopped: Web Apps
2026-06-15 17:47:01.298: [INFO][Sync] Stopped: History
2026-06-15 17:47:01.298: [INFO][Sync] Stopped: Saved Tab Group
2026-06-15 17:47:01.298: [INFO][Sync] Stopped: WebAuthn Credentials
2026-06-15 17:47:01.298: [INFO][Sync] Stopped: Edge E Drop
2026-06-15 17:47:01.298: [INFO][Sync] Stopped: Edge Hub App Usage
2026-06-15 17:47:01.298: [INFO][Sync] Stopped: Edge Journey
2026-06-15 17:47:01.298: [INFO][Sync] Stopped: Edge Wallet
2026-06-15 17:47:01.298: [INFO][Sync] Stopped: Edge Workspace
2026-06-15 17:47:01.298: [INFO][Sync] SyncState after authenticated was: NotSignedIn
2026-06-15 17:47:01.475: [INFO][Sync] Reset engine, reason: 8
2026-06-15 17:47:01.475: [INFO][Sync] Stopped: Bookmarks
2026-06-15 17:47:01.475: [INFO][Sync] Stopped: Preferences
2026-06-15 17:47:01.475: [INFO][Sync] Stopped: Passwords
2026-06-15 17:47:01.475: [INFO][Sync] Stopped: Autofill Profiles
2026-06-15 17:47:01.475: [INFO][Sync] Stopped: Autofill
2026-06-15 17:47:01.475: [INFO][Sync] Stopped: Extensions
2026-06-15 17:47:01.475: [INFO][Sync] Stopped: Sessions
2026-06-15 17:47:01.475: [INFO][Sync] Stopped: Extension settings
2026-06-15 17:47:01.475: [INFO][Sync] Stopped: History Delete Directives
2026-06-15 17:47:01.475: [INFO][Sync] Stopped: Device Info
2026-06-15 17:47:01.475: [INFO][Sync] Stopped: User Consents
2026-06-15 17:47:01.475: [INFO][Sync] Stopped: Send Tab To Self
2026-06-15 17:47:01.475: [INFO][Sync] Stopped: Web Apps
2026-06-15 17:47:01.475: [INFO][Sync] Stopped: History
2026-06-15 17:47:01.475: [INFO][Sync] Stopped: Saved Tab Group
2026-06-15 17:47:01.475: [INFO][Sync] Stopped: WebAuthn Credentials
2026-06-15 17:47:01.475: [INFO][Sync] Stopped: Edge E Drop
2026-06-15 17:47:01.475: [INFO][Sync] Stopped: Edge Hub App Usage
2026-06-15 17:47:01.475: [INFO][Sync] Stopped: Edge Journey
2026-06-15 17:47:01.475: [INFO][Sync] Stopped: Edge Wallet
2026-06-15 17:47:01.475: [INFO][Sync] Stopped: Edge Workspace
2026-06-15 19:31:38.532: [INFO][Sync] Reset engine, reason: 0
2026-06-15 19:32:41.519: [INFO][Sync] Reset engine, reason: 8
2026-06-15 19:32:41.519: [INFO][Sync] Stopped: Bookmarks
2026-06-15 19:32:41.519: [INFO][Sync] Stopped: Preferences
2026-06-15 19:32:41.519: [INFO][Sync] Stopped: Passwords
2026-06-15 19:32:41.519: [INFO][Sync] Stopped: Autofill Profiles
2026-06-15 19:32:41.519: [INFO][Sync] Stopped: Autofill
2026-06-15 19:32:41.519: [INFO][Sync] Stopped: Extensions
2026-06-15 19:32:41.519: [INFO][Sync] Stopped: Sessions
2026-06-15 19:32:41.519: [INFO][Sync] Stopped: Extension settings
2026-06-15 19:32:41.519: [INFO][Sync] Stopped: History Delete Directives
2026-06-15 19:32:41.519: [INFO][Sync] Stopped: Device Info
2026-06-15 19:32:41.519: [INFO][Sync] Stopped: User Consents
2026-06-15 19:32:41.519: [INFO][Sync] Stopped: Send Tab To Self
2026-06-15 19:32:41.519: [INFO][Sync] Stopped: Web Apps
2026-06-15 19:32:41.519: [INFO][Sync] Stopped: History
2026-06-15 19:32:41.519: [INFO][Sync] Stopped: Saved Tab Group
2026-06-15 19:32:41.519: [INFO][Sync] Stopped: WebAuthn Credentials
2026-06-15 19:32:41.519: [INFO][Sync] Stopped: Edge E Drop
2026-06-15 19:32:41.519: [INFO][Sync] Stopped: Edge Hub App Usage
2026-06-15 19:32:41.519: [INFO][Sync] Stopped: Edge Journey
2026-06-15 19:32:41.519: [INFO][Sync] Stopped: Edge Wallet
2026-06-15 19:32:41.519: [INFO][Sync] Stopped: Edge Workspace
2026-06-15 19:32:41.519: [INFO][Sync] SyncState after authenticated was: NotSignedIn
2026-06-15 19:32:41.686: [INFO][Sync] Reset engine, reason: 8
2026-06-15 19:32:41.686: [INFO][Sync] Stopped: Bookmarks
2026-06-15 19:32:41.686: [INFO][Sync] Stopped: Preferences
2026-06-15 19:32:41.686: [INFO][Sync] Stopped: Passwords
2026-06-15 19:32:41.686: [INFO][Sync] Stopped: Autofill Profiles
2026-06-15 19:32:41.686: [INFO][Sync] Stopped: Autofill
2026-06-15 19:32:41.686: [INFO][Sync] Stopped: Extensions
2026-06-15 19:32:41.686: [INFO][Sync] Stopped: Sessions
2026-06-15 19:32:41.686: [INFO][Sync] Stopped: Extension settings
2026-06-15 19:32:41.686: [INFO][Sync] Stopped: History Delete Directives
2026-06-15 19:32:41.686: [INFO][Sync] Stopped: Device Info
2026-06-15 19:32:41.686: [INFO][Sync] Stopped: User Consents
2026-06-15 19:32:41.686: [INFO][Sync] Stopped: Send Tab To Self
2026-06-15 19:32:41.686: [INFO][Sync] Stopped: Web Apps
2026-06-15 19:32:41.686: [INFO][Sync] Stopped: History
2026-06-15 19:32:41.686: [INFO][Sync] Stopped: Saved Tab Group
2026-06-15 19:32:41.686: [INFO][Sync] Stopped: WebAuthn Credentials
2026-06-15 19:32:41.686: [INFO][Sync] Stopped: Edge E Drop
2026-06-15 19:32:41.686: [INFO][Sync] Stopped: Edge Hub App Usage
2026-06-15 19:32:41.686: [INFO][Sync] Stopped: Edge Journey
2026-06-15 19:32:41.686: [INFO][Sync] Stopped: Edge Wallet
2026-06-15 19:32:41.686: [INFO][Sync] Stopped: Edge Workspace
2026-06-15 22:33:14.554: [INFO][Sync] Reset engine, reason: 0
2026-06-16 11:27:56.268: [INFO][Sync] Reset engine, reason: 8
2026-06-16 11:27:56.268: [INFO][Sync] Stopped: Bookmarks
2026-06-16 11:27:56.268: [INFO][Sync] Stopped: Preferences
2026-06-16 11:27:56.268: [INFO][Sync] Stopped: Passwords
2026-06-16 11:27:56.268: [INFO][Sync] Stopped: Autofill Profiles
2026-06-16 11:27:56.268: [INFO][Sync] Stopped: Autofill
2026-06-16 11:27:56.268: [INFO][Sync] Stopped: Extensions
2026-06-16 11:27:56.268: [INFO][Sync] Stopped: Sessions
2026-06-16 11:27:56.268: [INFO][Sync] Stopped: Extension settings
2026-06-16 11:27:56.268: [INFO][Sync] Stopped: History Delete Directives
2026-06-16 11:27:56.268: [INFO][Sync] Stopped: Device Info
2026-06-16 11:27:56.268: [INFO][Sync] Stopped: User Consents
2026-06-16 11:27:56.268: [INFO][Sync] Stopped: Send Tab To Self
2026-06-16 11:27:56.268: [INFO][Sync] Stopped: Web Apps
2026-06-16 11:27:56.268: [INFO][Sync] Stopped: History
2026-06-16 11:27:56.268: [INFO][Sync] Stopped: Saved Tab Group
2026-06-16 11:27:56.268: [INFO][Sync] Stopped: WebAuthn Credentials
2026-06-16 11:27:56.268: [INFO][Sync] Stopped: Edge E Drop
2026-06-16 11:27:56.268: [INFO][Sync] Stopped: Edge Hub App Usage
2026-06-16 11:27:56.268: [INFO][Sync] Stopped: Edge Journey
2026-06-16 11:27:56.268: [INFO][Sync] Stopped: Edge Wallet
2026-06-16 11:27:56.268: [INFO][Sync] Stopped: Edge Workspace
2026-06-16 11:27:56.269: [INFO][Sync] SyncState after authenticated was: NotSignedIn
2026-06-16 11:27:56.578: [INFO][Sync] Reset engine, reason: 8
2026-06-16 11:27:56.578: [INFO][Sync] Stopped: Bookmarks
2026-06-16 11:27:56.578: [INFO][Sync] Stopped: Preferences
2026-06-16 11:27:56.578: [INFO][Sync] Stopped: Passwords
2026-06-16 11:27:56.578: [INFO][Sync] Stopped: Autofill Profiles
2026-06-16 11:27:56.578: [INFO][Sync] Stopped: Autofill
2026-06-16 11:27:56.578: [INFO][Sync] Stopped: Extensions
2026-06-16 11:27:56.578: [INFO][Sync] Stopped: Sessions
2026-06-16 11:27:56.578: [INFO][Sync] Stopped: Extension settings
2026-06-16 11:27:56.578: [INFO][Sync] Stopped: History Delete Directives
2026-06-16 11:27:56.578: [INFO][Sync] Stopped: Device Info
2026-06-16 11:27:56.578: [INFO][Sync] Stopped: User Consents
2026-06-16 11:27:56.578: [INFO][Sync] Stopped: Send Tab To Self
2026-06-16 11:27:56.578: [INFO][Sync] Stopped: Web Apps
2026-06-16 11:27:56.578: [INFO][Sync] Stopped: History
2026-06-16 11:27:56.578: [INFO][Sync] Stopped: Saved Tab Group
2026-06-16 11:27:56.578: [INFO][Sync] Stopped: WebAuthn Credentials
2026-06-16 11:27:56.578: [INFO][Sync] Stopped: Edge E Drop
2026-06-16 11:27:56.578: [INFO][Sync] Stopped: Edge Hub App Usage
2026-06-16 11:27:56.578: [INFO][Sync] Stopped: Edge Journey
2026-06-16 11:27:56.578: [INFO][Sync] Stopped: Edge Wallet
2026-06-16 11:27:56.578: [INFO][Sync] Stopped: Edge Workspace
2026-06-16 11:48:39.864: [INFO][Sync] Reset engine, reason: 0
2026-06-16 14:24:42.322: [INFO][Sync] Reset engine, reason: 8
2026-06-16 14:24:42.322: [INFO][Sync] Stopped: Bookmarks
2026-06-16 14:24:42.322: [INFO][Sync] Stopped: Preferences
2026-06-16 14:24:42.322: [INFO][Sync] Stopped: Passwords
2026-06-16 14:24:42.322: [INFO][Sync] Stopped: Autofill Profiles
2026-06-16 14:24:42.322: [INFO][Sync] Stopped: Autofill
2026-06-16 14:24:42.322: [INFO][Sync] Stopped: Extensions
2026-06-16 14:24:42.322: [INFO][Sync] Stopped: Sessions
2026-06-16 14:24:42.322: [INFO][Sync] Stopped: Extension settings
2026-06-16 14:24:42.322: [INFO][Sync] Stopped: History Delete Directives
2026-06-16 14:24:42.322: [INFO][Sync] Stopped: Device Info
2026-06-16 14:24:42.322: [INFO][Sync] Stopped: User Consents
2026-06-16 14:24:42.322: [INFO][Sync] Stopped: Send Tab To Self
2026-06-16 14:24:42.322: [INFO][Sync] Stopped: Web Apps
2026-06-16 14:24:42.322: [INFO][Sync] Stopped: History
2026-06-16 14:24:42.322: [INFO][Sync] Stopped: Saved Tab Group
2026-06-16 14:24:42.322: [INFO][Sync] Stopped: WebAuthn Credentials
2026-06-16 14:24:42.322: [INFO][Sync] Stopped: Edge E Drop
2026-06-16 14:24:42.322: [INFO][Sync] Stopped: Edge Hub App Usage
2026-06-16 14:24:42.322: [INFO][Sync] Stopped: Edge Journey
2026-06-16 14:24:42.322: [INFO][Sync] Stopped: Edge Wallet
2026-06-16 14:24:42.322: [INFO][Sync] Stopped: Edge Workspace
2026-06-16 14:24:42.322: [INFO][Sync] SyncState after authenticated was: NotSignedIn
2026-06-16 14:24:42.484: [INFO][Sync] Reset engine, reason: 8
2026-06-16 14:24:42.484: [INFO][Sync] Stopped: Bookmarks
2026-06-16 14:24:42.484: [INFO][Sync] Stopped: Preferences
2026-06-16 14:24:42.484: [INFO][Sync] Stopped: Passwords
2026-06-16 14:24:42.484: [INFO][Sync] Stopped: Autofill Profiles
2026-06-16 14:24:42.484: [INFO][Sync] Stopped: Autofill
2026-06-16 14:24:42.484: [INFO][Sync] Stopped: Extensions
2026-06-16 14:24:42.484: [INFO][Sync] Stopped: Sessions
2026-06-16 14:24:42.484: [INFO][Sync] Stopped: Extension settings
2026-06-16 14:24:42.484: [INFO][Sync] Stopped: History Delete Directives
2026-06-16 14:24:42.484: [INFO][Sync] Stopped: Device Info
2026-06-16 14:24:42.484: [INFO][Sync] Stopped: User Consents
2026-06-16 14:24:42.484: [INFO][Sync] Stopped: Send Tab To Self
2026-06-16 14:24:42.484: [INFO][Sync] Stopped: Web Apps
2026-06-16 14:24:42.484: [INFO][Sync] Stopped: History
2026-06-16 14:24:42.484: [INFO][Sync] Stopped: Saved Tab Group
2026-06-16 14:24:42.485: [INFO][Sync] Stopped: WebAuthn Credentials
2026-06-16 14:24:42.485: [INFO][Sync] Stopped: Edge E Drop
2026-06-16 14:24:42.485: [INFO][Sync] Stopped: Edge Hub App Usage
2026-06-16 14:24:42.485: [INFO][Sync] Stopped: Edge Journey
2026-06-16 14:24:42.485: [INFO][Sync] Stopped: Edge Wallet
2026-06-16 14:24:42.485: [INFO][Sync] Stopped: Edge Workspace
2026-06-16 16:11:10.122: [INFO][Sync] Reset engine, reason: 0
2026-06-16 18:37:07.704: [INFO][Sync] Reset engine, reason: 8
2026-06-16 18:37:07.704: [INFO][Sync] Stopped: Bookmarks
2026-06-16 18:37:07.704: [INFO][Sync] Stopped: Preferences
2026-06-16 18:37:07.704: [INFO][Sync] Stopped: Passwords
2026-06-16 18:37:07.704: [INFO][Sync] Stopped: Autofill Profiles
2026-06-16 18:37:07.704: [INFO][Sync] Stopped: Autofill
2026-06-16 18:37:07.704: [INFO][Sync] Stopped: Extensions
2026-06-16 18:37:07.704: [INFO][Sync] Stopped: Sessions
2026-06-16 18:37:07.704: [INFO][Sync] Stopped: Extension settings
2026-06-16 18:37:07.704: [INFO][Sync] Stopped: History Delete Directives
2026-06-16 18:37:07.704: [INFO][Sync] Stopped: Device Info
2026-06-16 18:37:07.704: [INFO][Sync] Stopped: User Consents
2026-06-16 18:37:07.704: [INFO][Sync] Stopped: Send Tab To Self
2026-06-16 18:37:07.704: [INFO][Sync] Stopped: Web Apps
2026-06-16 18:37:07.704: [INFO][Sync] Stopped: History
2026-06-16 18:37:07.704: [INFO][Sync] Stopped: Saved Tab Group
2026-06-16 18:37:07.704: [INFO][Sync] Stopped: WebAuthn Credentials
2026-06-16 18:37:07.704: [INFO][Sync] Stopped: Edge E Drop
2026-06-16 18:37:07.704: [INFO][Sync] Stopped: Edge Hub App Usage
2026-06-16 18:37:07.704: [INFO][Sync] Stopped: Edge Journey
2026-06-16 18:37:07.704: [INFO][Sync] Stopped: Edge Wallet
2026-06-16 18:37:07.704: [INFO][Sync] Stopped: Edge Workspace
2026-06-16 18:37:07.704: [INFO][Sync] SyncState after authenticated was: NotSignedIn
2026-06-16 18:37:07.869: [INFO][Sync] Reset engine, reason: 8
2026-06-16 18:37:07.869: [INFO][Sync] Stopped: Bookmarks
2026-06-16 18:37:07.869: [INFO][Sync] Stopped: Preferences
2026-06-16 18:37:07.869: [INFO][Sync] Stopped: Passwords
2026-06-16 18:37:07.869: [INFO][Sync] Stopped: Autofill Profiles
2026-06-16 18:37:07.869: [INFO][Sync] Stopped: Autofill
2026-06-16 18:37:07.869: [INFO][Sync] Stopped: Extensions
2026-06-16 18:37:07.869: [INFO][Sync] Stopped: Sessions
2026-06-16 18:37:07.869: [INFO][Sync] Stopped: Extension settings
2026-06-16 18:37:07.869: [INFO][Sync] Stopped: History Delete Directives
2026-06-16 18:37:07.869: [INFO][Sync] Stopped: Device Info
2026-06-16 18:37:07.869: [INFO][Sync] Stopped: User Consents
2026-06-16 18:37:07.869: [INFO][Sync] Stopped: Send Tab To Self
2026-06-16 18:37:07.869: [INFO][Sync] Stopped: Web Apps
2026-06-16 18:37:07.869: [INFO][Sync] Stopped: History
2026-06-16 18:37:07.869: [INFO][Sync] Stopped: Saved Tab Group
2026-06-16 18:37:07.869: [INFO][Sync] Stopped: WebAuthn Credentials
2026-06-16 18:37:07.869: [INFO][Sync] Stopped: Edge E Drop
2026-06-16 18:37:07.869: [INFO][Sync] Stopped: Edge Hub App Usage
2026-06-16 18:37:07.869: [INFO][Sync] Stopped: Edge Journey
2026-06-16 18:37:07.869: [INFO][Sync] Stopped: Edge Wallet
2026-06-16 18:37:07.869: [INFO][Sync] Stopped: Edge Workspace
2026-06-16 18:43:58.874: [INFO][Sync] Reset engine, reason: 0
2026-06-16 19:55:10.594: [INFO][Sync] Reset engine, reason: 8
2026-06-16 19:55:10.594: [INFO][Sync] Stopped: Bookmarks
2026-06-16 19:55:10.594: [INFO][Sync] Stopped: Preferences
2026-06-16 19:55:10.594: [INFO][Sync] Stopped: Passwords
2026-06-16 19:55:10.594: [INFO][Sync] Stopped: Autofill Profiles
2026-06-16 19:55:10.594: [INFO][Sync] Stopped: Autofill
2026-06-16 19:55:10.594: [INFO][Sync] Stopped: Extensions
2026-06-16 19:55:10.594: [INFO][Sync] Stopped: Sessions
2026-06-16 19:55:10.594: [INFO][Sync] Stopped: Extension settings
2026-06-16 19:55:10.594: [INFO][Sync] Stopped: History Delete Directives
2026-06-16 19:55:10.594: [INFO][Sync] Stopped: Device Info
2026-06-16 19:55:10.594: [INFO][Sync] Stopped: User Consents
2026-06-16 19:55:10.594: [INFO][Sync] Stopped: Send Tab To Self
2026-06-16 19:55:10.594: [INFO][Sync] Stopped: Web Apps
2026-06-16 19:55:10.594: [INFO][Sync] Stopped: History
2026-06-16 19:55:10.594: [INFO][Sync] Stopped: Saved Tab Group
2026-06-16 19:55:10.594: [INFO][Sync] Stopped: WebAuthn Credentials
2026-06-16 19:55:10.594: [INFO][Sync] Stopped: Edge E Drop
2026-06-16 19:55:10.594: [INFO][Sync] Stopped: Edge Hub App Usage
2026-06-16 19:55:10.594: [INFO][Sync] Stopped: Edge Journey
2026-06-16 19:55:10.594: [INFO][Sync] Stopped: Edge Wallet
2026-06-16 19:55:10.594: [INFO][Sync] Stopped: Edge Workspace
2026-06-16 19:55:10.594: [INFO][Sync] SyncState after authenticated was: NotSignedIn
2026-06-16 19:55:10.759: [INFO][Sync] Reset engine, reason: 8
2026-06-16 19:55:10.759: [INFO][Sync] Stopped: Bookmarks
2026-06-16 19:55:10.759: [INFO][Sync] Stopped: Preferences
2026-06-16 19:55:10.759: [INFO][Sync] Stopped: Passwords
2026-06-16 19:55:10.759: [INFO][Sync] Stopped: Autofill Profiles
2026-06-16 19:55:10.759: [INFO][Sync] Stopped: Autofill
2026-06-16 19:55:10.759: [INFO][Sync] Stopped: Extensions
2026-06-16 19:55:10.759: [INFO][Sync] Stopped: Sessions
2026-06-16 19:55:10.759: [INFO][Sync] Stopped: Extension settings
2026-06-16 19:55:10.759: [INFO][Sync] Stopped: History Delete Directives
2026-06-16 19:55:10.759: [INFO][Sync] Stopped: Device Info
2026-06-16 19:55:10.759: [INFO][Sync] Stopped: User Consents
2026-06-16 19:55:10.759: [INFO][Sync] Stopped: Send Tab To Self
2026-06-16 19:55:10.759: [INFO][Sync] Stopped: Web Apps
2026-06-16 19:55:10.759: [INFO][Sync] Stopped: History
2026-06-16 19:55:10.759: [INFO][Sync] Stopped: Saved Tab Group
2026-06-16 19:55:10.759: [INFO][Sync] Stopped: WebAuthn Credentials
2026-06-16 19:55:10.759: [INFO][Sync] Stopped: Edge E Drop
2026-06-16 19:55:10.759: [INFO][Sync] Stopped: Edge Hub App Usage
2026-06-16 19:55:10.759: [INFO][Sync] Stopped: Edge Journey
2026-06-16 19:55:10.759: [INFO][Sync] Stopped: Edge Wallet
2026-06-16 19:55:10.759: [INFO][Sync] Stopped: Edge Workspace
2026-06-16 20:45:10.752: [INFO][Sync] Reset engine, reason: 0
2026-06-16 20:46:05.401: [INFO][Sync] Reset engine, reason: 8
2026-06-16 20:46:05.401: [INFO][Sync] Stopped: Bookmarks
2026-06-16 20:46:05.401: [INFO][Sync] Stopped: Preferences
2026-06-16 20:46:05.402: [INFO][Sync] Stopped: Passwords
2026-06-16 20:46:05.402: [INFO][Sync] Stopped: Autofill Profiles
2026-06-16 20:46:05.402: [INFO][Sync] Stopped: Autofill
2026-06-16 20:46:05.402: [INFO][Sync] Stopped: Extensions
2026-06-16 20:46:05.402: [INFO][Sync] Stopped: Sessions
2026-06-16 20:46:05.402: [INFO][Sync] Stopped: Extension settings
2026-06-16 20:46:05.402: [INFO][Sync] Stopped: History Delete Directives
2026-06-16 20:46:05.402: [INFO][Sync] Stopped: Device Info
2026-06-16 20:46:05.402: [INFO][Sync] Stopped: User Consents
2026-06-16 20:46:05.402: [INFO][Sync] Stopped: Send Tab To Self
2026-06-16 20:46:05.402: [INFO][Sync] Stopped: Web Apps
2026-06-16 20:46:05.402: [INFO][Sync] Stopped: History
2026-06-16 20:46:05.402: [INFO][Sync] Stopped: Saved Tab Group
2026-06-16 20:46:05.402: [INFO][Sync] Stopped: WebAuthn Credentials
2026-06-16 20:46:05.402: [INFO][Sync] Stopped: Edge E Drop
2026-06-16 20:46:05.402: [INFO][Sync] Stopped: Edge Hub App Usage
2026-06-16 20:46:05.402: [INFO][Sync] Stopped: Edge Journey
2026-06-16 20:46:05.402: [INFO][Sync] Stopped: Edge Wallet
2026-06-16 20:46:05.402: [INFO][Sync] Stopped: Edge Workspace
2026-06-16 20:46:05.402: [INFO][Sync] SyncState after authenticated was: NotSignedIn
2026-06-16 20:46:05.563: [INFO][Sync] Reset engine, reason: 8
2026-06-16 20:46:05.563: [INFO][Sync] Stopped: Bookmarks
2026-06-16 20:46:05.563: [INFO][Sync] Stopped: Preferences
2026-06-16 20:46:05.563: [INFO][Sync] Stopped: Passwords
2026-06-16 20:46:05.563: [INFO][Sync] Stopped: Autofill Profiles
2026-06-16 20:46:05.563: [INFO][Sync] Stopped: Autofill
2026-06-16 20:46:05.563: [INFO][Sync] Stopped: Extensions
2026-06-16 20:46:05.563: [INFO][Sync] Stopped: Sessions
2026-06-16 20:46:05.563: [INFO][Sync] Stopped: Extension settings
2026-06-16 20:46:05.563: [INFO][Sync] Stopped: History Delete Directives
2026-06-16 20:46:05.563: [INFO][Sync] Stopped: Device Info
2026-06-16 20:46:05.563: [INFO][Sync] Stopped: User Consents
2026-06-16 20:46:05.563: [INFO][Sync] Stopped: Send Tab To Self
2026-06-16 20:46:05.563: [INFO][Sync] Stopped: Web Apps
2026-06-16 20:46:05.563: [INFO][Sync] Stopped: History
2026-06-16 20:46:05.563: [INFO][Sync] Stopped: Saved Tab Group
2026-06-16 20:46:05.563: [INFO][Sync] Stopped: WebAuthn Credentials
2026-06-16 20:46:05.563: [INFO][Sync] Stopped: Edge E Drop
2026-06-16 20:46:05.563: [INFO][Sync] Stopped: Edge Hub App Usage
2026-06-16 20:46:05.563: [INFO][Sync] Stopped: Edge Journey
2026-06-16 20:46:05.563: [INFO][Sync] Stopped: Edge Wallet
2026-06-16 20:46:05.563: [INFO][Sync] Stopped: Edge Workspace
2026-06-16 21:33:14.372: [INFO][Sync] Reset engine, reason: 0
2026-06-16 21:33:47.912: [INFO][Sync] Reset engine, reason: 8
2026-06-16 21:33:47.912: [INFO][Sync] Stopped: Bookmarks
2026-06-16 21:33:47.912: [INFO][Sync] Stopped: Preferences
2026-06-16 21:33:47.912: [INFO][Sync] Stopped: Passwords
2026-06-16 21:33:47.912: [INFO][Sync] Stopped: Autofill Profiles
2026-06-16 21:33:47.912: [INFO][Sync] Stopped: Autofill
2026-06-16 21:33:47.912: [INFO][Sync] Stopped: Extensions
2026-06-16 21:33:47.912: [INFO][Sync] Stopped: Sessions
2026-06-16 21:33:47.912: [INFO][Sync] Stopped: Extension settings
2026-06-16 21:33:47.912: [INFO][Sync] Stopped: History Delete Directives
2026-06-16 21:33:47.912: [INFO][Sync] Stopped: Device Info
2026-06-16 21:33:47.912: [INFO][Sync] Stopped: User Consents
2026-06-16 21:33:47.912: [INFO][Sync] Stopped: Send Tab To Self
2026-06-16 21:33:47.912: [INFO][Sync] Stopped: Web Apps
2026-06-16 21:33:47.912: [INFO][Sync] Stopped: History
2026-06-16 21:33:47.912: [INFO][Sync] Stopped: Saved Tab Group
2026-06-16 21:33:47.912: [INFO][Sync] Stopped: WebAuthn Credentials
2026-06-16 21:33:47.912: [INFO][Sync] Stopped: Edge E Drop
2026-06-16 21:33:47.912: [INFO][Sync] Stopped: Edge Hub App Usage
2026-06-16 21:33:47.912: [INFO][Sync] Stopped: Edge Journey
2026-06-16 21:33:47.912: [INFO][Sync] Stopped: Edge Wallet
2026-06-16 21:33:47.912: [INFO][Sync] Stopped: Edge Workspace
2026-06-16 21:33:47.912: [INFO][Sync] SyncState after authenticated was: NotSignedIn
2026-06-16 21:33:48.074: [INFO][Sync] Reset engine, reason: 8
2026-06-16 21:33:48.074: [INFO][Sync] Stopped: Bookmarks
2026-06-16 21:33:48.074: [INFO][Sync] Stopped: Preferences
2026-06-16 21:33:48.074: [INFO][Sync] Stopped: Passwords
2026-06-16 21:33:48.074: [INFO][Sync] Stopped: Autofill Profiles
2026-06-16 21:33:48.074: [INFO][Sync] Stopped: Autofill
2026-06-16 21:33:48.074: [INFO][Sync] Stopped: Extensions
2026-06-16 21:33:48.074: [INFO][Sync] Stopped: Sessions
2026-06-16 21:33:48.074: [INFO][Sync] Stopped: Extension settings
2026-06-16 21:33:48.074: [INFO][Sync] Stopped: History Delete Directives
2026-06-16 21:33:48.074: [INFO][Sync] Stopped: Device Info
2026-06-16 21:33:48.074: [INFO][Sync] Stopped: User Consents
2026-06-16 21:33:48.074: [INFO][Sync] Stopped: Send Tab To Self
2026-06-16 21:33:48.074: [INFO][Sync] Stopped: Web Apps
2026-06-16 21:33:48.074: [INFO][Sync] Stopped: History
2026-06-16 21:33:48.074: [INFO][Sync] Stopped: Saved Tab Group
2026-06-16 21:33:48.074: [INFO][Sync] Stopped: WebAuthn Credentials
2026-06-16 21:33:48.074: [INFO][Sync] Stopped: Edge E Drop
2026-06-16 21:33:48.074: [INFO][Sync] Stopped: Edge Hub App Usage
2026-06-16 21:33:48.074: [INFO][Sync] Stopped: Edge Journey
2026-06-16 21:33:48.074: [INFO][Sync] Stopped: Edge Wallet
2026-06-16 21:33:48.074: [INFO][Sync] Stopped: Edge Workspace
2026-06-16 21:40:18.037: [INFO][Sync] Reset engine, reason: 0
2026-06-16 21:41:01.528: [INFO][Sync] Reset engine, reason: 8
2026-06-16 21:41:01.528: [INFO][Sync] Stopped: Bookmarks
2026-06-16 21:41:01.528: [INFO][Sync] Stopped: Preferences
2026-06-16 21:41:01.528: [INFO][Sync] Stopped: Passwords
2026-06-16 21:41:01.528: [INFO][Sync] Stopped: Autofill Profiles
2026-06-16 21:41:01.528: [INFO][Sync] Stopped: Autofill
2026-06-16 21:41:01.528: [INFO][Sync] Stopped: Extensions
2026-06-16 21:41:01.528: [INFO][Sync] Stopped: Sessions
2026-06-16 21:41:01.528: [INFO][Sync] Stopped: Extension settings
2026-06-16 21:41:01.528: [INFO][Sync] Stopped: History Delete Directives
2026-06-16 21:41:01.528: [INFO][Sync] Stopped: Device Info
2026-06-16 21:41:01.528: [INFO][Sync] Stopped: User Consents
2026-06-16 21:41:01.528: [INFO][Sync] Stopped: Send Tab To Self
2026-06-16 21:41:01.528: [INFO][Sync] Stopped: Web Apps
2026-06-16 21:41:01.528: [INFO][Sync] Stopped: History
2026-06-16 21:41:01.528: [INFO][Sync] Stopped: Saved Tab Group
2026-06-16 21:41:01.528: [INFO][Sync] Stopped: WebAuthn Credentials
2026-06-16 21:41:01.528: [INFO][Sync] Stopped: Edge E Drop
2026-06-16 21:41:01.528: [INFO][Sync] Stopped: Edge Hub App Usage
2026-06-16 21:41:01.528: [INFO][Sync] Stopped: Edge Journey
2026-06-16 21:41:01.528: [INFO][Sync] Stopped: Edge Wallet
2026-06-16 21:41:01.528: [INFO][Sync] Stopped: Edge Workspace
2026-06-16 21:41:01.528: [INFO][Sync] SyncState after authenticated was: NotSignedIn
2026-06-16 21:41:01.715: [INFO][Sync] Reset engine, reason: 8
2026-06-16 21:41:01.715: [INFO][Sync] Stopped: Bookmarks
2026-06-16 21:41:01.715: [INFO][Sync] Stopped: Preferences
2026-06-16 21:41:01.715: [INFO][Sync] Stopped: Passwords
2026-06-16 21:41:01.715: [INFO][Sync] Stopped: Autofill Profiles
2026-06-16 21:41:01.715: [INFO][Sync] Stopped: Autofill
2026-06-16 21:41:01.715: [INFO][Sync] Stopped: Extensions
2026-06-16 21:41:01.715: [INFO][Sync] Stopped: Sessions
2026-06-16 21:41:01.715: [INFO][Sync] Stopped: Extension settings
2026-06-16 21:41:01.715: [INFO][Sync] Stopped: History Delete Directives
2026-06-16 21:41:01.715: [INFO][Sync] Stopped: Device Info
2026-06-16 21:41:01.715: [INFO][Sync] Stopped: User Consents
2026-06-16 21:41:01.715: [INFO][Sync] Stopped: Send Tab To Self
2026-06-16 21:41:01.715: [INFO][Sync] Stopped: Web Apps
2026-06-16 21:41:01.715: [INFO][Sync] Stopped: History
2026-06-16 21:41:01.715: [INFO][Sync] Stopped: Saved Tab Group
2026-06-16 21:41:01.715: [INFO][Sync] Stopped: WebAuthn Credentials
2026-06-16 21:41:01.716: [INFO][Sync] Stopped: Edge E Drop
2026-06-16 21:41:01.716: [INFO][Sync] Stopped: Edge Hub App Usage
2026-06-16 21:41:01.716: [INFO][Sync] Stopped: Edge Journey
2026-06-16 21:41:01.716: [INFO][Sync] Stopped: Edge Wallet
2026-06-16 21:41:01.716: [INFO][Sync] Stopped: Edge Workspace
2026-06-16 21:56:42.119: [INFO][Sync] Reset engine, reason: 0
2026-06-16 23:01:08.898: [INFO][Sync] Reset engine, reason: 8
2026-06-16 23:01:08.898: [INFO][Sync] Stopped: Bookmarks
2026-06-16 23:01:08.899: [INFO][Sync] Stopped: Preferences
2026-06-16 23:01:08.899: [INFO][Sync] Stopped: Passwords
2026-06-16 23:01:08.899: [INFO][Sync] Stopped: Autofill Profiles
2026-06-16 23:01:08.899: [INFO][Sync] Stopped: Autofill
2026-06-16 23:01:08.899: [INFO][Sync] Stopped: Extensions
2026-06-16 23:01:08.899: [INFO][Sync] Stopped: Sessions
2026-06-16 23:01:08.899: [INFO][Sync] Stopped: Extension settings
2026-06-16 23:01:08.899: [INFO][Sync] Stopped: History Delete Directives
2026-06-16 23:01:08.899: [INFO][Sync] Stopped: Device Info
2026-06-16 23:01:08.899: [INFO][Sync] Stopped: User Consents
2026-06-16 23:01:08.899: [INFO][Sync] Stopped: Send Tab To Self
2026-06-16 23:01:08.899: [INFO][Sync] Stopped: Web Apps
2026-06-16 23:01:08.899: [INFO][Sync] Stopped: History
2026-06-16 23:01:08.899: [INFO][Sync] Stopped: Saved Tab Group
2026-06-16 23:01:08.899: [INFO][Sync] Stopped: WebAuthn Credentials
2026-06-16 23:01:08.899: [INFO][Sync] Stopped: Edge E Drop
2026-06-16 23:01:08.899: [INFO][Sync] Stopped: Edge Hub App Usage
2026-06-16 23:01:08.899: [INFO][Sync] Stopped: Edge Journey
2026-06-16 23:01:08.899: [INFO][Sync] Stopped: Edge Wallet
2026-06-16 23:01:08.899: [INFO][Sync] Stopped: Edge Workspace
2026-06-16 23:01:08.899: [INFO][Sync] SyncState after authenticated was: NotSignedIn
2026-06-16 23:01:09.066: [INFO][Sync] Reset engine, reason: 8
2026-06-16 23:01:09.066: [INFO][Sync] Stopped: Bookmarks
2026-06-16 23:01:09.066: [INFO][Sync] Stopped: Preferences
2026-06-16 23:01:09.066: [INFO][Sync] Stopped: Passwords
2026-06-16 23:01:09.066: [INFO][Sync] Stopped: Autofill Profiles
2026-06-16 23:01:09.066: [INFO][Sync] Stopped: Autofill
2026-06-16 23:01:09.066: [INFO][Sync] Stopped: Extensions
2026-06-16 23:01:09.066: [INFO][Sync] Stopped: Sessions
2026-06-16 23:01:09.066: [INFO][Sync] Stopped: Extension settings
2026-06-16 23:01:09.066: [INFO][Sync] Stopped: History Delete Directives
2026-06-16 23:01:09.066: [INFO][Sync] Stopped: Device Info
2026-06-16 23:01:09.067: [INFO][Sync] Stopped: User Consents
2026-06-16 23:01:09.067: [INFO][Sync] Stopped: Send Tab To Self
2026-06-16 23:01:09.067: [INFO][Sync] Stopped: Web Apps
2026-06-16 23:01:09.067: [INFO][Sync] Stopped: History
2026-06-16 23:01:09.067: [INFO][Sync] Stopped: Saved Tab Group
2026-06-16 23:01:09.067: [INFO][Sync] Stopped: WebAuthn Credentials
2026-06-16 23:01:09.067: [INFO][Sync] Stopped: Edge E Drop
2026-06-16 23:01:09.067: [INFO][Sync] Stopped: Edge Hub App Usage
2026-06-16 23:01:09.067: [INFO][Sync] Stopped: Edge Journey
2026-06-16 23:01:09.067: [INFO][Sync] Stopped: Edge Wallet
2026-06-16 23:01:09.067: [INFO][Sync] Stopped: Edge Workspace
2026-06-16 23:40:02.757: [INFO][Sync] Reset engine, reason: 0
2026-06-17 10:53:02.287: [INFO][Sync] Reset engine, reason: 8
2026-06-17 10:53:02.287: [INFO][Sync] Stopped: Bookmarks
2026-06-17 10:53:02.287: [INFO][Sync] Stopped: Preferences
2026-06-17 10:53:02.287: [INFO][Sync] Stopped: Passwords
2026-06-17 10:53:02.287: [INFO][Sync] Stopped: Autofill Profiles
2026-06-17 10:53:02.287: [INFO][Sync] Stopped: Autofill
2026-06-17 10:53:02.287: [INFO][Sync] Stopped: Extensions
2026-06-17 10:53:02.287: [INFO][Sync] Stopped: Sessions
2026-06-17 10:53:02.287: [INFO][Sync] Stopped: Extension settings
2026-06-17 10:53:02.287: [INFO][Sync] Stopped: History Delete Directives
2026-06-17 10:53:02.287: [INFO][Sync] Stopped: Device Info
2026-06-17 10:53:02.287: [INFO][Sync] Stopped: User Consents
2026-06-17 10:53:02.287: [INFO][Sync] Stopped: Send Tab To Self
2026-06-17 10:53:02.287: [INFO][Sync] Stopped: Web Apps
2026-06-17 10:53:02.287: [INFO][Sync] Stopped: History
2026-06-17 10:53:02.287: [INFO][Sync] Stopped: Saved Tab Group
2026-06-17 10:53:02.287: [INFO][Sync] Stopped: WebAuthn Credentials
2026-06-17 10:53:02.287: [INFO][Sync] Stopped: Edge E Drop
2026-06-17 10:53:02.287: [INFO][Sync] Stopped: Edge Hub App Usage
2026-06-17 10:53:02.287: [INFO][Sync] Stopped: Edge Journey
2026-06-17 10:53:02.287: [INFO][Sync] Stopped: Edge Wallet
2026-06-17 10:53:02.287: [INFO][Sync] Stopped: Edge Workspace
2026-06-17 10:53:02.287: [INFO][Sync] SyncState after authenticated was: NotSignedIn
2026-06-17 10:53:02.496: [INFO][Sync] Reset engine, reason: 8
2026-06-17 10:53:02.496: [INFO][Sync] Stopped: Bookmarks
2026-06-17 10:53:02.496: [INFO][Sync] Stopped: Preferences
2026-06-17 10:53:02.496: [INFO][Sync] Stopped: Passwords
2026-06-17 10:53:02.496: [INFO][Sync] Stopped: Autofill Profiles
2026-06-17 10:53:02.496: [INFO][Sync] Stopped: Autofill
2026-06-17 10:53:02.496: [INFO][Sync] Stopped: Extensions
2026-06-17 10:53:02.496: [INFO][Sync] Stopped: Sessions
2026-06-17 10:53:02.496: [INFO][Sync] Stopped: Extension settings
2026-06-17 10:53:02.496: [INFO][Sync] Stopped: History Delete Directives
2026-06-17 10:53:02.496: [INFO][Sync] Stopped: Device Info
2026-06-17 10:53:02.496: [INFO][Sync] Stopped: User Consents
2026-06-17 10:53:02.496: [INFO][Sync] Stopped: Send Tab To Self
2026-06-17 10:53:02.496: [INFO][Sync] Stopped: Web Apps
2026-06-17 10:53:02.497: [INFO][Sync] Stopped: History
2026-06-17 10:53:02.497: [INFO][Sync] Stopped: Saved Tab Group
2026-06-17 10:53:02.497: [INFO][Sync] Stopped: WebAuthn Credentials
2026-06-17 10:53:02.497: [INFO][Sync] Stopped: Edge E Drop
2026-06-17 10:53:02.497: [INFO][Sync] Stopped: Edge Hub App Usage
2026-06-17 10:53:02.497: [INFO][Sync] Stopped: Edge Journey
2026-06-17 10:53:02.497: [INFO][Sync] Stopped: Edge Wallet
2026-06-17 10:53:02.497: [INFO][Sync] Stopped: Edge Workspace
2026-06-17 11:50:36.455: [INFO][Sync] Reset engine, reason: 0
2026-06-17 13:08:44.005: [INFO][Sync] Reset engine, reason: 8
2026-06-17 13:08:44.005: [INFO][Sync] Stopped: Bookmarks
2026-06-17 13:08:44.005: [INFO][Sync] Stopped: Preferences
2026-06-17 13:08:44.005: [INFO][Sync] Stopped: Passwords
2026-06-17 13:08:44.005: [INFO][Sync] Stopped: Autofill Profiles
2026-06-17 13:08:44.005: [INFO][Sync] Stopped: Autofill
2026-06-17 13:08:44.005: [INFO][Sync] Stopped: Extensions
2026-06-17 13:08:44.005: [INFO][Sync] Stopped: Sessions
2026-06-17 13:08:44.005: [INFO][Sync] Stopped: Extension settings
2026-06-17 13:08:44.005: [INFO][Sync] Stopped: History Delete Directives
2026-06-17 13:08:44.005: [INFO][Sync] Stopped: Device Info
2026-06-17 13:08:44.005: [INFO][Sync] Stopped: User Consents
2026-06-17 13:08:44.005: [INFO][Sync] Stopped: Send Tab To Self
2026-06-17 13:08:44.005: [INFO][Sync] Stopped: Web Apps
2026-06-17 13:08:44.005: [INFO][Sync] Stopped: History
2026-06-17 13:08:44.005: [INFO][Sync] Stopped: Saved Tab Group
2026-06-17 13:08:44.005: [INFO][Sync] Stopped: WebAuthn Credentials
2026-06-17 13:08:44.005: [INFO][Sync] Stopped: Edge E Drop
2026-06-17 13:08:44.005: [INFO][Sync] Stopped: Edge Hub App Usage
2026-06-17 13:08:44.005: [INFO][Sync] Stopped: Edge Journey
2026-06-17 13:08:44.005: [INFO][Sync] Stopped: Edge Wallet
2026-06-17 13:08:44.005: [INFO][Sync] Stopped: Edge Workspace
2026-06-17 13:08:44.005: [INFO][Sync] SyncState after authenticated was: NotSignedIn
2026-06-17 13:08:44.164: [INFO][Sync] Reset engine, reason: 8
2026-06-17 13:08:44.164: [INFO][Sync] Stopped: Bookmarks
2026-06-17 13:08:44.164: [INFO][Sync] Stopped: Preferences
2026-06-17 13:08:44.164: [INFO][Sync] Stopped: Passwords
2026-06-17 13:08:44.164: [INFO][Sync] Stopped: Autofill Profiles
2026-06-17 13:08:44.164: [INFO][Sync] Stopped: Autofill
2026-06-17 13:08:44.164: [INFO][Sync] Stopped: Extensions
2026-06-17 13:08:44.164: [INFO][Sync] Stopped: Sessions
2026-06-17 13:08:44.164: [INFO][Sync] Stopped: Extension settings
2026-06-17 13:08:44.164: [INFO][Sync] Stopped: History Delete Directives
2026-06-17 13:08:44.164: [INFO][Sync] Stopped: Device Info
2026-06-17 13:08:44.164: [INFO][Sync] Stopped: User Consents
2026-06-17 13:08:44.164: [INFO][Sync] Stopped: Send Tab To Self
2026-06-17 13:08:44.164: [INFO][Sync] Stopped: Web Apps
2026-06-17 13:08:44.164: [INFO][Sync] Stopped: History
2026-06-17 13:08:44.164: [INFO][Sync] Stopped: Saved Tab Group
2026-06-17 13:08:44.164: [INFO][Sync] Stopped: WebAuthn Credentials
2026-06-17 13:08:44.164: [INFO][Sync] Stopped: Edge E Drop
2026-06-17 13:08:44.164: [INFO][Sync] Stopped: Edge Hub App Usage
2026-06-17 13:08:44.164: [INFO][Sync] Stopped: Edge Journey
2026-06-17 13:08:44.164: [INFO][Sync] Stopped: Edge Wallet
2026-06-17 13:08:44.164: [INFO][Sync] Stopped: Edge Workspace
2026-06-17 15:00:43.931: [INFO][Sync] Reset engine, reason: 0
2026-06-17 15:54:32.122: [INFO][Sync] Reset engine, reason: 8
2026-06-17 15:54:32.122: [INFO][Sync] Stopped: Bookmarks
2026-06-17 15:54:32.122: [INFO][Sync] Stopped: Preferences
2026-06-17 15:54:32.122: [INFO][Sync] Stopped: Passwords
2026-06-17 15:54:32.122: [INFO][Sync] Stopped: Autofill Profiles
2026-06-17 15:54:32.122: [INFO][Sync] Stopped: Autofill
2026-06-17 15:54:32.122: [INFO][Sync] Stopped: Extensions
2026-06-17 15:54:32.122: [INFO][Sync] Stopped: Sessions
2026-06-17 15:54:32.122: [INFO][Sync] Stopped: Extension settings
2026-06-17 15:54:32.122: [INFO][Sync] Stopped: History Delete Directives
2026-06-17 15:54:32.122: [INFO][Sync] Stopped: Device Info
2026-06-17 15:54:32.122: [INFO][Sync] Stopped: User Consents
2026-06-17 15:54:32.122: [INFO][Sync] Stopped: Send Tab To Self
2026-06-17 15:54:32.122: [INFO][Sync] Stopped: Web Apps
2026-06-17 15:54:32.122: [INFO][Sync] Stopped: History
2026-06-17 15:54:32.122: [INFO][Sync] Stopped: Saved Tab Group
2026-06-17 15:54:32.122: [INFO][Sync] Stopped: WebAuthn Credentials
2026-06-17 15:54:32.122: [INFO][Sync] Stopped: Edge E Drop
2026-06-17 15:54:32.122: [INFO][Sync] Stopped: Edge Hub App Usage
2026-06-17 15:54:32.122: [INFO][Sync] Stopped: Edge Journey
2026-06-17 15:54:32.122: [INFO][Sync] Stopped: Edge Wallet
2026-06-17 15:54:32.122: [INFO][Sync] Stopped: Edge Workspace
2026-06-17 15:54:32.122: [INFO][Sync] SyncState after authenticated was: NotSignedIn
2026-06-17 15:54:32.286: [INFO][Sync] Reset engine, reason: 8
2026-06-17 15:54:32.286: [INFO][Sync] Stopped: Bookmarks
2026-06-17 15:54:32.286: [INFO][Sync] Stopped: Preferences
2026-06-17 15:54:32.286: [INFO][Sync] Stopped: Passwords
2026-06-17 15:54:32.286: [INFO][Sync] Stopped: Autofill Profiles
2026-06-17 15:54:32.286: [INFO][Sync] Stopped: Autofill
2026-06-17 15:54:32.286: [INFO][Sync] Stopped: Extensions
2026-06-17 15:54:32.286: [INFO][Sync] Stopped: Sessions
2026-06-17 15:54:32.286: [INFO][Sync] Stopped: Extension settings
2026-06-17 15:54:32.286: [INFO][Sync] Stopped: History Delete Directives
2026-06-17 15:54:32.286: [INFO][Sync] Stopped: Device Info
2026-06-17 15:54:32.286: [INFO][Sync] Stopped: User Consents
2026-06-17 15:54:32.286: [INFO][Sync] Stopped: Send Tab To Self
2026-06-17 15:54:32.286: [INFO][Sync] Stopped: Web Apps
2026-06-17 15:54:32.286: [INFO][Sync] Stopped: History
2026-06-17 15:54:32.286: [INFO][Sync] Stopped: Saved Tab Group
2026-06-17 15:54:32.286: [INFO][Sync] Stopped: WebAuthn Credentials
2026-06-17 15:54:32.286: [INFO][Sync] Stopped: Edge E Drop
2026-06-17 15:54:32.286: [INFO][Sync] Stopped: Edge Hub App Usage
2026-06-17 15:54:32.286: [INFO][Sync] Stopped: Edge Journey
2026-06-17 15:54:32.286: [INFO][Sync] Stopped: Edge Wallet
2026-06-17 15:54:32.286: [INFO][Sync] Stopped: Edge Workspace
2026-06-17 18:03:37.165: [INFO][Sync] Reset engine, reason: 0
2026-06-17 18:04:14.025: [INFO][Sync] Reset engine, reason: 8
2026-06-17 18:04:14.025: [INFO][Sync] Stopped: Bookmarks
2026-06-17 18:04:14.025: [INFO][Sync] Stopped: Preferences
2026-06-17 18:04:14.025: [INFO][Sync] Stopped: Passwords
2026-06-17 18:04:14.025: [INFO][Sync] Stopped: Autofill Profiles
2026-06-17 18:04:14.025: [INFO][Sync] Stopped: Autofill
2026-06-17 18:04:14.025: [INFO][Sync] Stopped: Extensions
2026-06-17 18:04:14.025: [INFO][Sync] Stopped: Sessions
2026-06-17 18:04:14.025: [INFO][Sync] Stopped: Extension settings
2026-06-17 18:04:14.025: [INFO][Sync] Stopped: History Delete Directives
2026-06-17 18:04:14.025: [INFO][Sync] Stopped: Device Info
2026-06-17 18:04:14.025: [INFO][Sync] Stopped: User Consents
2026-06-17 18:04:14.025: [INFO][Sync] Stopped: Send Tab To Self
2026-06-17 18:04:14.025: [INFO][Sync] Stopped: Web Apps
2026-06-17 18:04:14.025: [INFO][Sync] Stopped: History
2026-06-17 18:04:14.025: [INFO][Sync] Stopped: Saved Tab Group
2026-06-17 18:04:14.025: [INFO][Sync] Stopped: WebAuthn Credentials
2026-06-17 18:04:14.025: [INFO][Sync] Stopped: Edge E Drop
2026-06-17 18:04:14.025: [INFO][Sync] Stopped: Edge Hub App Usage
2026-06-17 18:04:14.025: [INFO][Sync] Stopped: Edge Journey
2026-06-17 18:04:14.025: [INFO][Sync] Stopped: Edge Wallet
2026-06-17 18:04:14.025: [INFO][Sync] Stopped: Edge Workspace
2026-06-17 18:04:14.026: [INFO][Sync] SyncState after authenticated was: NotSignedIn
2026-06-17 18:04:14.197: [INFO][Sync] Reset engine, reason: 8
2026-06-17 18:04:14.197: [INFO][Sync] Stopped: Bookmarks
2026-06-17 18:04:14.197: [INFO][Sync] Stopped: Preferences
2026-06-17 18:04:14.197: [INFO][Sync] Stopped: Passwords
2026-06-17 18:04:14.197: [INFO][Sync] Stopped: Autofill Profiles
2026-06-17 18:04:14.197: [INFO][Sync] Stopped: Autofill
2026-06-17 18:04:14.197: [INFO][Sync] Stopped: Extensions
2026-06-17 18:04:14.197: [INFO][Sync] Stopped: Sessions
2026-06-17 18:04:14.197: [INFO][Sync] Stopped: Extension settings
2026-06-17 18:04:14.197: [INFO][Sync] Stopped: History Delete Directives
2026-06-17 18:04:14.197: [INFO][Sync] Stopped: Device Info
2026-06-17 18:04:14.197: [INFO][Sync] Stopped: User Consents
2026-06-17 18:04:14.197: [INFO][Sync] Stopped: Send Tab To Self
2026-06-17 18:04:14.197: [INFO][Sync] Stopped: Web Apps
2026-06-17 18:04:14.197: [INFO][Sync] Stopped: History
2026-06-17 18:04:14.197: [INFO][Sync] Stopped: Saved Tab Group
2026-06-17 18:04:14.197: [INFO][Sync] Stopped: WebAuthn Credentials
2026-06-17 18:04:14.197: [INFO][Sync] Stopped: Edge E Drop
2026-06-17 18:04:14.197: [INFO][Sync] Stopped: Edge Hub App Usage
2026-06-17 18:04:14.197: [INFO][Sync] Stopped: Edge Journey
2026-06-17 18:04:14.197: [INFO][Sync] Stopped: Edge Wallet
2026-06-17 18:04:14.197: [INFO][Sync] Stopped: Edge Workspace
2026-06-17 18:35:59.734: [INFO][Sync] Reset engine, reason: 0
2026-06-17 20:11:29.651: [INFO][Sync] Reset engine, reason: 8
2026-06-17 20:11:29.651: [INFO][Sync] Stopped: Bookmarks
2026-06-17 20:11:29.651: [INFO][Sync] Stopped: Preferences
2026-06-17 20:11:29.651: [INFO][Sync] Stopped: Passwords
2026-06-17 20:11:29.651: [INFO][Sync] Stopped: Autofill Profiles
2026-06-17 20:11:29.651: [INFO][Sync] Stopped: Autofill
2026-06-17 20:11:29.651: [INFO][Sync] Stopped: Extensions
2026-06-17 20:11:29.651: [INFO][Sync] Stopped: Sessions
2026-06-17 20:11:29.651: [INFO][Sync] Stopped: Extension settings
2026-06-17 20:11:29.651: [INFO][Sync] Stopped: History Delete Directives
2026-06-17 20:11:29.651: [INFO][Sync] Stopped: Device Info
2026-06-17 20:11:29.651: [INFO][Sync] Stopped: User Consents
2026-06-17 20:11:29.651: [INFO][Sync] Stopped: Send Tab To Self
2026-06-17 20:11:29.651: [INFO][Sync] Stopped: Web Apps
2026-06-17 20:11:29.651: [INFO][Sync] Stopped: History
2026-06-17 20:11:29.651: [INFO][Sync] Stopped: Saved Tab Group
2026-06-17 20:11:29.651: [INFO][Sync] Stopped: WebAuthn Credentials
2026-06-17 20:11:29.651: [INFO][Sync] Stopped: Edge E Drop
2026-06-17 20:11:29.651: [INFO][Sync] Stopped: Edge Hub App Usage
2026-06-17 20:11:29.651: [INFO][Sync] Stopped: Edge Journey
2026-06-17 20:11:29.651: [INFO][Sync] Stopped: Edge Wallet
2026-06-17 20:11:29.651: [INFO][Sync] Stopped: Edge Workspace
2026-06-17 20:11:29.651: [INFO][Sync] SyncState after authenticated was: NotSignedIn
2026-06-17 20:11:29.816: [INFO][Sync] Reset engine, reason: 8
2026-06-17 20:11:29.816: [INFO][Sync] Stopped: Bookmarks
2026-06-17 20:11:29.816: [INFO][Sync] Stopped: Preferences
2026-06-17 20:11:29.816: [INFO][Sync] Stopped: Passwords
2026-06-17 20:11:29.816: [INFO][Sync] Stopped: Autofill Profiles
2026-06-17 20:11:29.816: [INFO][Sync] Stopped: Autofill
2026-06-17 20:11:29.816: [INFO][Sync] Stopped: Extensions
2026-06-17 20:11:29.816: [INFO][Sync] Stopped: Sessions
2026-06-17 20:11:29.816: [INFO][Sync] Stopped: Extension settings
2026-06-17 20:11:29.816: [INFO][Sync] Stopped: History Delete Directives
2026-06-17 20:11:29.816: [INFO][Sync] Stopped: Device Info
2026-06-17 20:11:29.816: [INFO][Sync] Stopped: User Consents
2026-06-17 20:11:29.816: [INFO][Sync] Stopped: Send Tab To Self
2026-06-17 20:11:29.816: [INFO][Sync] Stopped: Web Apps
2026-06-17 20:11:29.816: [INFO][Sync] Stopped: History
2026-06-17 20:11:29.816: [INFO][Sync] Stopped: Saved Tab Group
2026-06-17 20:11:29.816: [INFO][Sync] Stopped: WebAuthn Credentials
2026-06-17 20:11:29.816: [INFO][Sync] Stopped: Edge E Drop
2026-06-17 20:11:29.816: [INFO][Sync] Stopped: Edge Hub App Usage
2026-06-17 20:11:29.816: [INFO][Sync] Stopped: Edge Journey
2026-06-17 20:11:29.816: [INFO][Sync] Stopped: Edge Wallet
2026-06-17 20:11:29.816: [INFO][Sync] Stopped: Edge Workspace
2026-06-17 22:50:16.670: [INFO][Sync] Reset engine, reason: 0
2026-06-18 07:19:41.343: [INFO][Sync] Reset engine, reason: 8
2026-06-18 07:19:41.343: [INFO][Sync] Stopped: Bookmarks
2026-06-18 07:19:41.343: [INFO][Sync] Stopped: Preferences
2026-06-18 07:19:41.343: [INFO][Sync] Stopped: Passwords
2026-06-18 07:19:41.343: [INFO][Sync] Stopped: Autofill Profiles
2026-06-18 07:19:41.343: [INFO][Sync] Stopped: Autofill
2026-06-18 07:19:41.343: [INFO][Sync] Stopped: Extensions
2026-06-18 07:19:41.343: [INFO][Sync] Stopped: Sessions
2026-06-18 07:19:41.343: [INFO][Sync] Stopped: Extension settings
2026-06-18 07:19:41.343: [INFO][Sync] Stopped: History Delete Directives
2026-06-18 07:19:41.343: [INFO][Sync] Stopped: Device Info
2026-06-18 07:19:41.343: [INFO][Sync] Stopped: User Consents
2026-06-18 07:19:41.343: [INFO][Sync] Stopped: Send Tab To Self
2026-06-18 07:19:41.343: [INFO][Sync] Stopped: Web Apps
2026-06-18 07:19:41.343: [INFO][Sync] Stopped: History
2026-06-18 07:19:41.343: [INFO][Sync] Stopped: Saved Tab Group
2026-06-18 07:19:41.343: [INFO][Sync] Stopped: WebAuthn Credentials
2026-06-18 07:19:41.343: [INFO][Sync] Stopped: Edge E Drop
2026-06-18 07:19:41.343: [INFO][Sync] Stopped: Edge Hub App Usage
2026-06-18 07:19:41.343: [INFO][Sync] Stopped: Edge Journey
2026-06-18 07:19:41.343: [INFO][Sync] Stopped: Edge Wallet
2026-06-18 07:19:41.343: [INFO][Sync] Stopped: Edge Workspace
2026-06-18 07:19:41.343: [INFO][Sync] SyncState after authenticated was: NotSignedIn
2026-06-18 07:19:41.547: [INFO][Sync] Reset engine, reason: 8
2026-06-18 07:19:41.547: [INFO][Sync] Stopped: Bookmarks
2026-06-18 07:19:41.547: [INFO][Sync] Stopped: Preferences
2026-06-18 07:19:41.547: [INFO][Sync] Stopped: Passwords
2026-06-18 07:19:41.547: [INFO][Sync] Stopped: Autofill Profiles
2026-06-18 07:19:41.547: [INFO][Sync] Stopped: Autofill
2026-06-18 07:19:41.547: [INFO][Sync] Stopped: Extensions
2026-06-18 07:19:41.547: [INFO][Sync] Stopped: Sessions
2026-06-18 07:19:41.547: [INFO][Sync] Stopped: Extension settings
2026-06-18 07:19:41.547: [INFO][Sync] Stopped: History Delete Directives
2026-06-18 07:19:41.547: [INFO][Sync] Stopped: Device Info
2026-06-18 07:19:41.547: [INFO][Sync] Stopped: User Consents
2026-06-18 07:19:41.547: [INFO][Sync] Stopped: Send Tab To Self
2026-06-18 07:19:41.547: [INFO][Sync] Stopped: Web Apps
2026-06-18 07:19:41.547: [INFO][Sync] Stopped: History
2026-06-18 07:19:41.547: [INFO][Sync] Stopped: Saved Tab Group
2026-06-18 07:19:41.547: [INFO][Sync] Stopped: WebAuthn Credentials
2026-06-18 07:19:41.547: [INFO][Sync] Stopped: Edge E Drop
2026-06-18 07:19:41.547: [INFO][Sync] Stopped: Edge Hub App Usage
2026-06-18 07:19:41.547: [INFO][Sync] Stopped: Edge Journey
2026-06-18 07:19:41.547: [INFO][Sync] Stopped: Edge Wallet
2026-06-18 07:19:41.547: [INFO][Sync] Stopped: Edge Workspace
2026-06-18 07:53:27.042: [INFO][Sync] Reset engine, reason: 0
2026-06-18 14:22:23.290: [INFO][Sync] Reset engine, reason: 8
2026-06-18 14:22:23.290: [INFO][Sync] Stopped: Bookmarks
2026-06-18 14:22:23.290: [INFO][Sync] Stopped: Preferences
2026-06-18 14:22:23.290: [INFO][Sync] Stopped: Passwords
2026-06-18 14:22:23.290: [INFO][Sync] Stopped: Autofill Profiles
2026-06-18 14:22:23.290: [INFO][Sync] Stopped: Autofill
2026-06-18 14:22:23.290: [INFO][Sync] Stopped: Extensions
2026-06-18 14:22:23.290: [INFO][Sync] Stopped: Sessions
2026-06-18 14:22:23.290: [INFO][Sync] Stopped: Extension settings
2026-06-18 14:22:23.290: [INFO][Sync] Stopped: History Delete Directives
2026-06-18 14:22:23.290: [INFO][Sync] Stopped: Device Info
2026-06-18 14:22:23.290: [INFO][Sync] Stopped: User Consents
2026-06-18 14:22:23.290: [INFO][Sync] Stopped: Send Tab To Self
2026-06-18 14:22:23.290: [INFO][Sync] Stopped: Web Apps
2026-06-18 14:22:23.290: [INFO][Sync] Stopped: History
2026-06-18 14:22:23.290: [INFO][Sync] Stopped: Saved Tab Group
2026-06-18 14:22:23.290: [INFO][Sync] Stopped: WebAuthn Credentials
2026-06-18 14:22:23.290: [INFO][Sync] Stopped: Edge E Drop
2026-06-18 14:22:23.290: [INFO][Sync] Stopped: Edge Hub App Usage
2026-06-18 14:22:23.290: [INFO][Sync] Stopped: Edge Journey
2026-06-18 14:22:23.290: [INFO][Sync] Stopped: Edge Wallet
2026-06-18 14:22:23.290: [INFO][Sync] Stopped: Edge Workspace
2026-06-18 14:22:23.290: [INFO][Sync] SyncState after authenticated was: NotSignedIn
2026-06-18 14:22:23.446: [INFO][Sync] Reset engine, reason: 8
2026-06-18 14:22:23.446: [INFO][Sync] Stopped: Bookmarks
2026-06-18 14:22:23.446: [INFO][Sync] Stopped: Preferences
2026-06-18 14:22:23.446: [INFO][Sync] Stopped: Passwords
2026-06-18 14:22:23.446: [INFO][Sync] Stopped: Autofill Profiles
2026-06-18 14:22:23.446: [INFO][Sync] Stopped: Autofill
2026-06-18 14:22:23.446: [INFO][Sync] Stopped: Extensions
2026-06-18 14:22:23.446: [INFO][Sync] Stopped: Sessions
2026-06-18 14:22:23.446: [INFO][Sync] Stopped: Extension settings
2026-06-18 14:22:23.446: [INFO][Sync] Stopped: History Delete Directives
2026-06-18 14:22:23.446: [INFO][Sync] Stopped: Device Info
2026-06-18 14:22:23.446: [INFO][Sync] Stopped: User Consents
2026-06-18 14:22:23.446: [INFO][Sync] Stopped: Send Tab To Self
2026-06-18 14:22:23.446: [INFO][Sync] Stopped: Web Apps
2026-06-18 14:22:23.446: [INFO][Sync] Stopped: History
2026-06-18 14:22:23.446: [INFO][Sync] Stopped: Saved Tab Group
2026-06-18 14:22:23.446: [INFO][Sync] Stopped: WebAuthn Credentials
2026-06-18 14:22:23.446: [INFO][Sync] Stopped: Edge E Drop
2026-06-18 14:22:23.446: [INFO][Sync] Stopped: Edge Hub App Usage
2026-06-18 14:22:23.446: [INFO][Sync] Stopped: Edge Journey
2026-06-18 14:22:23.446: [INFO][Sync] Stopped: Edge Wallet
2026-06-18 14:22:23.446: [INFO][Sync] Stopped: Edge Workspace
2026-06-18 16:32:46.065: [INFO][Sync] Reset engine, reason: 0
2026-06-18 16:33:53.965: [INFO][Sync] Reset engine, reason: 8
2026-06-18 16:33:53.965: [INFO][Sync] Stopped: Bookmarks
2026-06-18 16:33:53.965: [INFO][Sync] Stopped: Preferences
2026-06-18 16:33:53.965: [INFO][Sync] Stopped: Passwords
2026-06-18 16:33:53.965: [INFO][Sync] Stopped: Autofill Profiles
2026-06-18 16:33:53.965: [INFO][Sync] Stopped: Autofill
2026-06-18 16:33:53.965: [INFO][Sync] Stopped: Extensions
2026-06-18 16:33:53.965: [INFO][Sync] Stopped: Sessions
2026-06-18 16:33:53.965: [INFO][Sync] Stopped: Extension settings
2026-06-18 16:33:53.965: [INFO][Sync] Stopped: History Delete Directives
2026-06-18 16:33:53.965: [INFO][Sync] Stopped: Device Info
2026-06-18 16:33:53.965: [INFO][Sync] Stopped: User Consents
2026-06-18 16:33:53.965: [INFO][Sync] Stopped: Send Tab To Self
2026-06-18 16:33:53.965: [INFO][Sync] Stopped: Web Apps
2026-06-18 16:33:53.965: [INFO][Sync] Stopped: History
2026-06-18 16:33:53.965: [INFO][Sync] Stopped: Saved Tab Group
2026-06-18 16:33:53.965: [INFO][Sync] Stopped: WebAuthn Credentials
2026-06-18 16:33:53.965: [INFO][Sync] Stopped: Edge E Drop
2026-06-18 16:33:53.965: [INFO][Sync] Stopped: Edge Hub App Usage
2026-06-18 16:33:53.965: [INFO][Sync] Stopped: Edge Journey
2026-06-18 16:33:53.965: [INFO][Sync] Stopped: Edge Wallet
2026-06-18 16:33:53.965: [INFO][Sync] Stopped: Edge Workspace
2026-06-18 16:33:53.966: [INFO][Sync] SyncState after authenticated was: NotSignedIn
2026-06-18 16:33:54.130: [INFO][Sync] Reset engine, reason: 8
2026-06-18 16:33:54.130: [INFO][Sync] Stopped: Bookmarks
2026-06-18 16:33:54.130: [INFO][Sync] Stopped: Preferences
2026-06-18 16:33:54.130: [INFO][Sync] Stopped: Passwords
2026-06-18 16:33:54.130: [INFO][Sync] Stopped: Autofill Profiles
2026-06-18 16:33:54.130: [INFO][Sync] Stopped: Autofill
2026-06-18 16:33:54.130: [INFO][Sync] Stopped: Extensions
2026-06-18 16:33:54.130: [INFO][Sync] Stopped: Sessions
2026-06-18 16:33:54.130: [INFO][Sync] Stopped: Extension settings
2026-06-18 16:33:54.130: [INFO][Sync] Stopped: History Delete Directives
2026-06-18 16:33:54.130: [INFO][Sync] Stopped: Device Info
2026-06-18 16:33:54.130: [INFO][Sync] Stopped: User Consents
2026-06-18 16:33:54.130: [INFO][Sync] Stopped: Send Tab To Self
2026-06-18 16:33:54.130: [INFO][Sync] Stopped: Web Apps
2026-06-18 16:33:54.130: [INFO][Sync] Stopped: History
2026-06-18 16:33:54.130: [INFO][Sync] Stopped: Saved Tab Group
2026-06-18 16:33:54.130: [INFO][Sync] Stopped: WebAuthn Credentials
2026-06-18 16:33:54.130: [INFO][Sync] Stopped: Edge E Drop
2026-06-18 16:33:54.130: [INFO][Sync] Stopped: Edge Hub App Usage
2026-06-18 16:33:54.130: [INFO][Sync] Stopped: Edge Journey
2026-06-18 16:33:54.130: [INFO][Sync] Stopped: Edge Wallet
2026-06-18 16:33:54.130: [INFO][Sync] Stopped: Edge Workspace
2026-06-18 17:28:09.579: [INFO][Sync] Reset engine, reason: 0
2026-06-18 17:32:06.893: [INFO][Sync] Reset engine, reason: 8
2026-06-18 17:32:06.893: [INFO][Sync] Stopped: Bookmarks
2026-06-18 17:32:06.893: [INFO][Sync] Stopped: Preferences
2026-06-18 17:32:06.893: [INFO][Sync] Stopped: Passwords
2026-06-18 17:32:06.893: [INFO][Sync] Stopped: Autofill Profiles
2026-06-18 17:32:06.893: [INFO][Sync] Stopped: Autofill
2026-06-18 17:32:06.893: [INFO][Sync] Stopped: Extensions
2026-06-18 17:32:06.893: [INFO][Sync] Stopped: Sessions
2026-06-18 17:32:06.893: [INFO][Sync] Stopped: Extension settings
2026-06-18 17:32:06.893: [INFO][Sync] Stopped: History Delete Directives
2026-06-18 17:32:06.893: [INFO][Sync] Stopped: Device Info
2026-06-18 17:32:06.893: [INFO][Sync] Stopped: User Consents
2026-06-18 17:32:06.893: [INFO][Sync] Stopped: Send Tab To Self
2026-06-18 17:32:06.893: [INFO][Sync] Stopped: Web Apps
2026-06-18 17:32:06.893: [INFO][Sync] Stopped: History
2026-06-18 17:32:06.893: [INFO][Sync] Stopped: Saved Tab Group
2026-06-18 17:32:06.893: [INFO][Sync] Stopped: WebAuthn Credentials
2026-06-18 17:32:06.893: [INFO][Sync] Stopped: Edge E Drop
2026-06-18 17:32:06.893: [INFO][Sync] Stopped: Edge Hub App Usage
2026-06-18 17:32:06.893: [INFO][Sync] Stopped: Edge Journey
2026-06-18 17:32:06.893: [INFO][Sync] Stopped: Edge Wallet
2026-06-18 17:32:06.893: [INFO][Sync] Stopped: Edge Workspace
2026-06-18 17:32:06.893: [INFO][Sync] SyncState after authenticated was: NotSignedIn
2026-06-18 17:32:07.070: [INFO][Sync] Reset engine, reason: 8
2026-06-18 17:32:07.070: [INFO][Sync] Stopped: Bookmarks
2026-06-18 17:32:07.070: [INFO][Sync] Stopped: Preferences
2026-06-18 17:32:07.070: [INFO][Sync] Stopped: Passwords
2026-06-18 17:32:07.070: [INFO][Sync] Stopped: Autofill Profiles
2026-06-18 17:32:07.070: [INFO][Sync] Stopped: Autofill
2026-06-18 17:32:07.070: [INFO][Sync] Stopped: Extensions
2026-06-18 17:32:07.070: [INFO][Sync] Stopped: Sessions
2026-06-18 17:32:07.070: [INFO][Sync] Stopped: Extension settings
2026-06-18 17:32:07.070: [INFO][Sync] Stopped: History Delete Directives
2026-06-18 17:32:07.070: [INFO][Sync] Stopped: Device Info
2026-06-18 17:32:07.070: [INFO][Sync] Stopped: User Consents
2026-06-18 17:32:07.070: [INFO][Sync] Stopped: Send Tab To Self
2026-06-18 17:32:07.070: [INFO][Sync] Stopped: Web Apps
2026-06-18 17:32:07.070: [INFO][Sync] Stopped: History
2026-06-18 17:32:07.070: [INFO][Sync] Stopped: Saved Tab Group
2026-06-18 17:32:07.070: [INFO][Sync] Stopped: WebAuthn Credentials
2026-06-18 17:32:07.070: [INFO][Sync] Stopped: Edge E Drop
2026-06-18 17:32:07.070: [INFO][Sync] Stopped: Edge Hub App Usage
2026-06-18 17:32:07.070: [INFO][Sync] Stopped: Edge Journey
2026-06-18 17:32:07.070: [INFO][Sync] Stopped: Edge Wallet
2026-06-18 17:32:07.070: [INFO][Sync] Stopped: Edge Workspace
2026-06-18 18:21:02.870: [INFO][Sync] Reset engine, reason: 0
2026-06-18 21:17:55.946: [INFO][Sync] Reset engine, reason: 8
2026-06-18 21:17:55.946: [INFO][Sync] Stopped: Bookmarks
2026-06-18 21:17:55.946: [INFO][Sync] Stopped: Preferences
2026-06-18 21:17:55.946: [INFO][Sync] Stopped: Passwords
2026-06-18 21:17:55.946: [INFO][Sync] Stopped: Autofill Profiles
2026-06-18 21:17:55.946: [INFO][Sync] Stopped: Autofill
2026-06-18 21:17:55.946: [INFO][Sync] Stopped: Extensions
2026-06-18 21:17:55.946: [INFO][Sync] Stopped: Sessions
2026-06-18 21:17:55.946: [INFO][Sync] Stopped: Extension settings
2026-06-18 21:17:55.946: [INFO][Sync] Stopped: History Delete Directives
2026-06-18 21:17:55.946: [INFO][Sync] Stopped: Device Info
2026-06-18 21:17:55.946: [INFO][Sync] Stopped: User Consents
2026-06-18 21:17:55.946: [INFO][Sync] Stopped: Send Tab To Self
2026-06-18 21:17:55.946: [INFO][Sync] Stopped: Web Apps
2026-06-18 21:17:55.946: [INFO][Sync] Stopped: History
2026-06-18 21:17:55.946: [INFO][Sync] Stopped: Saved Tab Group
2026-06-18 21:17:55.946: [INFO][Sync] Stopped: WebAuthn Credentials
2026-06-18 21:17:55.946: [INFO][Sync] Stopped: Edge E Drop
2026-06-18 21:17:55.946: [INFO][Sync] Stopped: Edge Hub App Usage
2026-06-18 21:17:55.946: [INFO][Sync] Stopped: Edge Journey
2026-06-18 21:17:55.946: [INFO][Sync] Stopped: Edge Wallet
2026-06-18 21:17:55.946: [INFO][Sync] Stopped: Edge Workspace
2026-06-18 21:17:55.946: [INFO][Sync] SyncState after authenticated was: NotSignedIn
2026-06-18 21:17:56.121: [INFO][Sync] Reset engine, reason: 8
2026-06-18 21:17:56.121: [INFO][Sync] Stopped: Bookmarks
2026-06-18 21:17:56.121: [INFO][Sync] Stopped: Preferences
2026-06-18 21:17:56.121: [INFO][Sync] Stopped: Passwords
2026-06-18 21:17:56.121: [INFO][Sync] Stopped: Autofill Profiles
2026-06-18 21:17:56.121: [INFO][Sync] Stopped: Autofill
2026-06-18 21:17:56.121: [INFO][Sync] Stopped: Extensions
2026-06-18 21:17:56.121: [INFO][Sync] Stopped: Sessions
2026-06-18 21:17:56.122: [INFO][Sync] Stopped: Extension settings
2026-06-18 21:17:56.122: [INFO][Sync] Stopped: History Delete Directives
2026-06-18 21:17:56.122: [INFO][Sync] Stopped: Device Info
2026-06-18 21:17:56.122: [INFO][Sync] Stopped: User Consents
2026-06-18 21:17:56.122: [INFO][Sync] Stopped: Send Tab To Self
2026-06-18 21:17:56.122: [INFO][Sync] Stopped: Web Apps
2026-06-18 21:17:56.122: [INFO][Sync] Stopped: History
2026-06-18 21:17:56.122: [INFO][Sync] Stopped: Saved Tab Group
2026-06-18 21:17:56.122: [INFO][Sync] Stopped: WebAuthn Credentials
2026-06-18 21:17:56.122: [INFO][Sync] Stopped: Edge E Drop
2026-06-18 21:17:56.122: [INFO][Sync] Stopped: Edge Hub App Usage
2026-06-18 21:17:56.122: [INFO][Sync] Stopped: Edge Journey
2026-06-18 21:17:56.122: [INFO][Sync] Stopped: Edge Wallet
2026-06-18 21:17:56.122: [INFO][Sync] Stopped: Edge Workspace
2026-06-18 22:11:18.598: [INFO][Sync] Reset engine, reason: 0
